{"C:\\Users\\Ruslan_Dzhafarov\\Projects\\React\\ReactEPAM\\src\\index.tsx": {"path":"C:\\Users\\Ruslan_Dzhafarov\\Projects\\React\\ReactEPAM\\src\\index.tsx","statementMap":{"0":{"start":{"line":1,"column":0},"end":{"line":1,"column":null}},"1":{"start":{"line":2,"column":0},"end":{"line":2,"column":null}},"2":{"start":{"line":3,"column":0},"end":{"line":3,"column":null}},"3":{"start":{"line":5,"column":0},"end":{"line":5,"column":9}}},"fnMap":{},"branchMap":{},"s":{"0":0,"1":0,"2":0,"3":0},"f":{},"b":{}}
,"C:\\Users\\Ruslan_Dzhafarov\\Projects\\React\\ReactEPAM\\src\\mock-data.ts": {"path":"C:\\Users\\Ruslan_Dzhafarov\\Projects\\React\\ReactEPAM\\src\\mock-data.ts","statementMap":{"0":{"start":{"line":2,"column":0},"end":{"line":2,"column":null}}},"fnMap":{},"branchMap":{},"s":{"0":0},"f":{},"b":{}}
,"C:\\Users\\Ruslan_Dzhafarov\\Projects\\React\\ReactEPAM\\src\\App\\App.tsx": {"path":"C:\\Users\\Ruslan_Dzhafarov\\Projects\\React\\ReactEPAM\\src\\App\\App.tsx","statementMap":{"0":{"start":{"line":1,"column":0},"end":{"line":1,"column":null}},"1":{"start":{"line":2,"column":0},"end":{"line":2,"column":null}},"2":{"start":{"line":3,"column":0},"end":{"line":3,"column":null}},"3":{"start":{"line":4,"column":0},"end":{"line":4,"column":null}},"4":{"start":{"line":5,"column":0},"end":{"line":5,"column":null}},"5":{"start":{"line":8,"column":0},"end":{"line":8,"column":null}},"6":{"start":{"line":13,"column":0},"end":{"line":13,"column":18}},"7":{"start":{"line":13,"column":18},"end":{"line":13,"column":null}},"8":{"start":{"line":15,"column":8},"end":{"line":15,"column":null}},"9":{"start":{"line":27,"column":4},"end":{"line":27,"column":24}},"10":{"start":{"line":28,"column":8},"end":{"line":28,"column":12}},"11":{"start":{"line":33,"column":4},"end":{"line":33,"column":25}},"12":{"start":{"line":34,"column":8},"end":{"line":34,"column":12}},"13":{"start":{"line":16,"column":8},"end":{"line":16,"column":12}},"14":{"start":{"line":38,"column":4},"end":{"line":38,"column":null}},"15":{"start":{"line":39,"column":30},"end":{"line":39,"column":37}},"16":{"start":{"line":40,"column":12},"end":{"line":40,"column":19}},"17":{"start":{"line":52,"column":8},"end":{"line":78,"column":null}},"18":{"start":{"line":53,"column":12},"end":{"line":53,"column":18}},"19":{"start":{"line":61,"column":36},"end":{"line":61,"column":40}},"20":{"start":{"line":64,"column":83},"end":{"line":64,"column":87}},"21":{"start":{"line":71,"column":12},"end":{"line":71,"column":18}},"22":{"start":{"line":73,"column":79},"end":{"line":73,"column":83}},"23":{"start":{"line":79,"column":8},"end":{"line":79,"column":null}},"24":{"start":{"line":85,"column":0},"end":{"line":85,"column":1}},"25":{"start":{"line":87,"column":15},"end":{"line":87,"column":null}}},"fnMap":{"0":{"name":"(anonymous_13)","decl":{"start":{"line":13,"column":0},"end":{"line":13,"column":18}},"loc":{"start":{"line":13,"column":0},"end":{"line":85,"column":null}}},"1":{"name":"App","decl":{"start":{"line":14,"column":4},"end":{"line":14,"column":16}},"loc":{"start":{"line":14,"column":25},"end":{"line":26,"column":null}}},"2":{"name":"(anonymous_15)","decl":{"start":{"line":27,"column":24},"end":{"line":27,"column":25}},"loc":{"start":{"line":27,"column":37},"end":{"line":32,"column":null}}},"3":{"name":"(anonymous_16)","decl":{"start":{"line":33,"column":25},"end":{"line":33,"column":null}},"loc":{"start":{"line":33,"column":25},"end":{"line":37,"column":null}}},"4":{"name":"(anonymous_17)","decl":{"start":{"line":38,"column":4},"end":{"line":38,"column":null}},"loc":{"start":{"line":38,"column":4},"end":{"line":84,"column":null}}},"5":{"name":"(anonymous_18)","decl":{"start":{"line":39,"column":46},"end":{"line":39,"column":47}},"loc":{"start":{"line":39,"column":67},"end":{"line":50,"column":null}}},"6":{"name":"action","decl":{"start":{"line":61,"column":30},"end":{"line":61,"column":36}},"loc":{"start":{"line":61,"column":30},"end":{"line":61,"column":null}}},"7":{"name":"action","decl":{"start":{"line":64,"column":65},"end":{"line":64,"column":66}},"loc":{"start":{"line":64,"column":78},"end":{"line":64,"column":null}}},"8":{"name":"action","decl":{"start":{"line":73,"column":61},"end":{"line":73,"column":62}},"loc":{"start":{"line":73,"column":74},"end":{"line":73,"column":null}}}},"branchMap":{"0":{"loc":{"start":{"line":15,"column":8},"end":{"line":15,"column":14}},"type":"binary-expr","locations":[{"start":{"line":15,"column":8},"end":{"line":15,"column":14}},{"start":{"line":15,"column":20},"end":{"line":15,"column":null}}]},"1":{"loc":{"start":{"line":52,"column":8},"end":{"line":78,"column":null}},"type":"if","locations":[{"start":{"line":52,"column":8},"end":{"line":78,"column":null}},{"start":{"line":52,"column":8},"end":{"line":78,"column":null}}]}},"s":{"0":0,"1":0,"2":0,"3":0,"4":0,"5":0,"6":0,"7":0,"8":0,"9":0,"10":0,"11":0,"12":0,"13":0,"14":0,"15":0,"16":0,"17":0,"18":0,"19":0,"20":0,"21":0,"22":0,"23":0,"24":0,"25":0},"f":{"0":0,"1":0,"2":0,"3":0,"4":0,"5":0,"6":0,"7":0,"8":0},"b":{"0":[0,0],"1":[0,0]}}
,"C:\\Users\\Ruslan_Dzhafarov\\Projects\\React\\ReactEPAM\\src\\App\\components\\Search\\Search.tsx": {"path":"C:\\Users\\Ruslan_Dzhafarov\\Projects\\React\\ReactEPAM\\src\\App\\components\\Search\\Search.tsx","statementMap":{"0":{"start":{"line":1,"column":0},"end":{"line":1,"column":null}},"1":{"start":{"line":2,"column":0},"end":{"line":2,"column":null}},"2":{"start":{"line":3,"column":0},"end":{"line":3,"column":null}},"3":{"start":{"line":4,"column":0},"end":{"line":4,"column":null}},"4":{"start":{"line":5,"column":0},"end":{"line":5,"column":null}},"5":{"start":{"line":14,"column":0},"end":{"line":14,"column":21}},"6":{"start":{"line":14,"column":21},"end":{"line":14,"column":27}},"7":{"start":{"line":16,"column":8},"end":{"line":16,"column":null}},"8":{"start":{"line":24,"column":4},"end":{"line":24,"column":25}},"9":{"start":{"line":25,"column":8},"end":{"line":25,"column":15}},"10":{"start":{"line":28,"column":4},"end":{"line":28,"column":24}},"11":{"start":{"line":29,"column":35},"end":{"line":29,"column":null}},"12":{"start":{"line":30,"column":8},"end":{"line":30,"column":12}},"13":{"start":{"line":33,"column":4},"end":{"line":33,"column":24}},"14":{"start":{"line":34,"column":8},"end":{"line":36,"column":null}},"15":{"start":{"line":35,"column":12},"end":{"line":35,"column":19}},"16":{"start":{"line":39,"column":4},"end":{"line":39,"column":25}},"17":{"start":{"line":40,"column":8},"end":{"line":40,"column":15}},"18":{"start":{"line":41,"column":8},"end":{"line":41,"column":12}},"19":{"start":{"line":17,"column":8},"end":{"line":17,"column":12}},"20":{"start":{"line":44,"column":4},"end":{"line":44,"column":null}},"21":{"start":{"line":45,"column":8},"end":{"line":45,"column":15}},"22":{"start":{"line":46,"column":8},"end":{"line":46,"column":null}},"23":{"start":{"line":61,"column":57},"end":{"line":61,"column":61}},"24":{"start":{"line":70,"column":0},"end":{"line":70,"column":1}},"25":{"start":{"line":72,"column":15},"end":{"line":72,"column":null}}},"fnMap":{"0":{"name":"(anonymous_7)","decl":{"start":{"line":14,"column":0},"end":{"line":14,"column":21}},"loc":{"start":{"line":14,"column":0},"end":{"line":70,"column":null}}},"1":{"name":"Search","decl":{"start":{"line":15,"column":4},"end":{"line":15,"column":16}},"loc":{"start":{"line":15,"column":34},"end":{"line":22,"column":null}}},"2":{"name":"(anonymous_9)","decl":{"start":{"line":24,"column":25},"end":{"line":24,"column":null}},"loc":{"start":{"line":24,"column":25},"end":{"line":26,"column":null}}},"3":{"name":"(anonymous_10)","decl":{"start":{"line":28,"column":24},"end":{"line":28,"column":25}},"loc":{"start":{"line":28,"column":45},"end":{"line":31,"column":null}}},"4":{"name":"(anonymous_11)","decl":{"start":{"line":33,"column":24},"end":{"line":33,"column":25}},"loc":{"start":{"line":33,"column":47},"end":{"line":37,"column":null}}},"5":{"name":"(anonymous_12)","decl":{"start":{"line":39,"column":25},"end":{"line":39,"column":26}},"loc":{"start":{"line":39,"column":45},"end":{"line":42,"column":null}}},"6":{"name":"(anonymous_13)","decl":{"start":{"line":44,"column":4},"end":{"line":44,"column":null}},"loc":{"start":{"line":44,"column":4},"end":{"line":69,"column":null}}},"7":{"name":"handleSwitch","decl":{"start":{"line":61,"column":32},"end":{"line":61,"column":33}},"loc":{"start":{"line":61,"column":52},"end":{"line":61,"column":null}}}},"branchMap":{"0":{"loc":{"start":{"line":16,"column":8},"end":{"line":16,"column":14}},"type":"binary-expr","locations":[{"start":{"line":16,"column":8},"end":{"line":16,"column":14}},{"start":{"line":16,"column":20},"end":{"line":16,"column":null}}]},"1":{"loc":{"start":{"line":34,"column":8},"end":{"line":36,"column":null}},"type":"if","locations":[{"start":{"line":34,"column":8},"end":{"line":36,"column":null}},{"start":{"line":34,"column":8},"end":{"line":36,"column":null}}]}},"s":{"0":0,"1":0,"2":0,"3":0,"4":0,"5":0,"6":0,"7":0,"8":0,"9":0,"10":0,"11":0,"12":0,"13":0,"14":0,"15":0,"16":0,"17":0,"18":0,"19":0,"20":0,"21":0,"22":0,"23":0,"24":0,"25":0},"f":{"0":0,"1":0,"2":0,"3":0,"4":0,"5":0,"6":0,"7":0},"b":{"0":[0,0],"1":[0,0]}}
,"C:\\Users\\Ruslan_Dzhafarov\\Projects\\React\\ReactEPAM\\src\\App\\components\\Search\\components\\Filter.tsx": {"path":"C:\\Users\\Ruslan_Dzhafarov\\Projects\\React\\ReactEPAM\\src\\App\\components\\Search\\components\\Filter.tsx","statementMap":{"0":{"start":{"line":1,"column":0},"end":{"line":1,"column":null}},"1":{"start":{"line":2,"column":0},"end":{"line":2,"column":null}},"2":{"start":{"line":3,"column":0},"end":{"line":3,"column":null}},"3":{"start":{"line":10,"column":15},"end":{"line":32,"column":null}},"4":{"start":{"line":11,"column":27},"end":{"line":11,"column":32}},"5":{"start":{"line":13,"column":6},"end":{"line":13,"column":49}},"6":{"start":{"line":13,"column":41},"end":{"line":13,"column":49}},"7":{"start":{"line":19,"column":6},"end":{"line":19,"column":14}},"8":{"start":{"line":26,"column":2},"end":{"line":26,"column":null}},"9":{"start":{"line":34,"column":15},"end":{"line":34,"column":null}}},"fnMap":{"0":{"name":"Filter","decl":{"start":{"line":10,"column":6},"end":{"line":10,"column":12}},"loc":{"start":{"line":10,"column":34},"end":{"line":32,"column":null}}},"1":{"name":"(anonymous_2)","decl":{"start":{"line":12,"column":4},"end":{"line":12,"column":5}},"loc":{"start":{"line":12,"column":18},"end":{"line":24,"column":null}}}},"branchMap":{"0":{"loc":{"start":{"line":13,"column":6},"end":{"line":13,"column":49}},"type":"if","locations":[{"start":{"line":13,"column":6},"end":{"line":13,"column":49}},{"start":{"line":13,"column":6},"end":{"line":13,"column":49}}]}},"s":{"0":0,"1":0,"2":0,"3":0,"4":0,"5":0,"6":0,"7":0,"8":0,"9":0},"f":{"0":0,"1":0},"b":{"0":[0,0]}}
,"C:\\Users\\Ruslan_Dzhafarov\\Projects\\React\\ReactEPAM\\src\\App\\components\\SearchResult\\Card.tsx": {"path":"C:\\Users\\Ruslan_Dzhafarov\\Projects\\React\\ReactEPAM\\src\\App\\components\\SearchResult\\Card.tsx","statementMap":{"0":{"start":{"line":1,"column":0},"end":{"line":1,"column":null}},"1":{"start":{"line":3,"column":0},"end":{"line":3,"column":null}},"2":{"start":{"line":4,"column":13},"end":{"line":21,"column":null}},"3":{"start":{"line":5,"column":31},"end":{"line":10,"column":null}},"4":{"start":{"line":6,"column":8},"end":{"line":6,"column":15}},"5":{"start":{"line":7,"column":35},"end":{"line":7,"column":72}},"6":{"start":{"line":8,"column":11},"end":{"line":8,"column":21}},"7":{"start":{"line":11,"column":4},"end":{"line":11,"column":null}},"8":{"start":{"line":12,"column":56},"end":{"line":12,"column":61}},"9":{"start":{"line":23,"column":15},"end":{"line":23,"column":null}}},"fnMap":{"0":{"name":"Card","decl":{"start":{"line":4,"column":6},"end":{"line":4,"column":10}},"loc":{"start":{"line":4,"column":26},"end":{"line":21,"column":null}}},"1":{"name":"getGenresFromArray","decl":{"start":{"line":5,"column":10},"end":{"line":5,"column":28}},"loc":{"start":{"line":5,"column":48},"end":{"line":10,"column":null}}},"2":{"name":"(anonymous_3)","decl":{"start":{"line":6,"column":29},"end":{"line":6,"column":30}},"loc":{"start":{"line":6,"column":49},"end":{"line":9,"column":11}}},"3":{"name":"onClick","decl":{"start":{"line":12,"column":50},"end":{"line":12,"column":56}},"loc":{"start":{"line":12,"column":50},"end":{"line":12,"column":null}}}},"branchMap":{},"s":{"0":0,"1":0,"2":0,"3":0,"4":0,"5":0,"6":0,"7":0,"8":0,"9":0},"f":{"0":0,"1":0,"2":0,"3":0},"b":{}}
,"C:\\Users\\Ruslan_Dzhafarov\\Projects\\React\\ReactEPAM\\src\\App\\components\\SearchResult\\ResultSorting.tsx": {"path":"C:\\Users\\Ruslan_Dzhafarov\\Projects\\React\\ReactEPAM\\src\\App\\components\\SearchResult\\ResultSorting.tsx","statementMap":{"0":{"start":{"line":1,"column":0},"end":{"line":1,"column":null}},"1":{"start":{"line":2,"column":0},"end":{"line":2,"column":null}},"2":{"start":{"line":3,"column":0},"end":{"line":3,"column":null}},"3":{"start":{"line":11,"column":22},"end":{"line":30,"column":null}},"4":{"start":{"line":12,"column":29},"end":{"line":12,"column":34}},"5":{"start":{"line":13,"column":8},"end":{"line":13,"column":9}},"6":{"start":{"line":19,"column":4},"end":{"line":19,"column":null}},"7":{"start":{"line":32,"column":15},"end":{"line":32,"column":null}}},"fnMap":{"0":{"name":"ResultSorting","decl":{"start":{"line":11,"column":6},"end":{"line":11,"column":19}},"loc":{"start":{"line":11,"column":48},"end":{"line":30,"column":null}}},"1":{"name":"(anonymous_2)","decl":{"start":{"line":12,"column":54},"end":{"line":12,"column":55}},"loc":{"start":{"line":12,"column":68},"end":{"line":17,"column":null}}}},"branchMap":{},"s":{"0":0,"1":0,"2":0,"3":0,"4":0,"5":0,"6":0,"7":0},"f":{"0":0,"1":0},"b":{}}
,"C:\\Users\\Ruslan_Dzhafarov\\Projects\\React\\ReactEPAM\\src\\App\\components\\SearchResult\\SearchResult.tsx": {"path":"C:\\Users\\Ruslan_Dzhafarov\\Projects\\React\\ReactEPAM\\src\\App\\components\\SearchResult\\SearchResult.tsx","statementMap":{"0":{"start":{"line":1,"column":0},"end":{"line":1,"column":null}},"1":{"start":{"line":2,"column":0},"end":{"line":2,"column":null}},"2":{"start":{"line":3,"column":0},"end":{"line":3,"column":null}},"3":{"start":{"line":5,"column":0},"end":{"line":5,"column":null}},"4":{"start":{"line":18,"column":0},"end":{"line":18,"column":27}},"5":{"start":{"line":18,"column":27},"end":{"line":18,"column":33}},"6":{"start":{"line":20,"column":8},"end":{"line":20,"column":null}},"7":{"start":{"line":30,"column":4},"end":{"line":30,"column":24}},"8":{"start":{"line":31,"column":8},"end":{"line":31,"column":15}},"9":{"start":{"line":31,"column":65},"end":{"line":31,"column":70}},"10":{"start":{"line":35,"column":4},"end":{"line":35,"column":19}},"11":{"start":{"line":36,"column":8},"end":{"line":36,"column":15}},"12":{"start":{"line":36,"column":65},"end":{"line":36,"column":70}},"13":{"start":{"line":39,"column":4},"end":{"line":39,"column":20}},"14":{"start":{"line":40,"column":27},"end":{"line":40,"column":null}},"15":{"start":{"line":41,"column":23},"end":{"line":41,"column":29}},"16":{"start":{"line":41,"column":66},"end":{"line":41,"column":70}},"17":{"start":{"line":42,"column":25},"end":{"line":42,"column":null}},"18":{"start":{"line":50,"column":8},"end":{"line":50,"column":38}},"19":{"start":{"line":50,"column":34},"end":{"line":50,"column":38}},"20":{"start":{"line":53,"column":4},"end":{"line":53,"column":18}},"21":{"start":{"line":54,"column":8},"end":{"line":54,"column":12}},"22":{"start":{"line":21,"column":8},"end":{"line":21,"column":12}},"23":{"start":{"line":57,"column":4},"end":{"line":57,"column":null}},"24":{"start":{"line":58,"column":8},"end":{"line":58,"column":15}},"25":{"start":{"line":60,"column":29},"end":{"line":60,"column":null}},"26":{"start":{"line":61,"column":8},"end":{"line":63,"column":null}},"27":{"start":{"line":62,"column":12},"end":{"line":62,"column":17}},"28":{"start":{"line":64,"column":8},"end":{"line":66,"column":null}},"29":{"start":{"line":65,"column":12},"end":{"line":65,"column":17}},"30":{"start":{"line":68,"column":32},"end":{"line":68,"column":44}},"31":{"start":{"line":70,"column":16},"end":{"line":70,"column":17}},"32":{"start":{"line":71,"column":41},"end":{"line":71,"column":45}},"33":{"start":{"line":82,"column":31},"end":{"line":82,"column":37}},"34":{"start":{"line":83,"column":8},"end":{"line":83,"column":null}},"35":{"start":{"line":99,"column":0},"end":{"line":99,"column":1}},"36":{"start":{"line":101,"column":15},"end":{"line":101,"column":null}}},"fnMap":{"0":{"name":"(anonymous_9)","decl":{"start":{"line":18,"column":0},"end":{"line":18,"column":27}},"loc":{"start":{"line":18,"column":0},"end":{"line":99,"column":null}}},"1":{"name":"SearchResult","decl":{"start":{"line":19,"column":4},"end":{"line":19,"column":16}},"loc":{"start":{"line":19,"column":28},"end":{"line":28,"column":null}}},"2":{"name":"(anonymous_11)","decl":{"start":{"line":30,"column":24},"end":{"line":30,"column":25}},"loc":{"start":{"line":30,"column":45},"end":{"line":33,"column":null}}},"3":{"name":"(anonymous_12)","decl":{"start":{"line":31,"column":32},"end":{"line":31,"column":33}},"loc":{"start":{"line":31,"column":60},"end":{"line":32,"column":null}}},"4":{"name":"(anonymous_13)","decl":{"start":{"line":35,"column":19},"end":{"line":35,"column":20}},"loc":{"start":{"line":35,"column":40},"end":{"line":37,"column":null}}},"5":{"name":"(anonymous_14)","decl":{"start":{"line":36,"column":32},"end":{"line":36,"column":33}},"loc":{"start":{"line":36,"column":60},"end":{"line":36,"column":null}}},"6":{"name":"(anonymous_15)","decl":{"start":{"line":39,"column":20},"end":{"line":39,"column":21}},"loc":{"start":{"line":39,"column":40},"end":{"line":51,"column":null}}},"7":{"name":"(anonymous_16)","decl":{"start":{"line":41,"column":59},"end":{"line":41,"column":62}},"loc":{"start":{"line":41,"column":62},"end":{"line":41,"column":null}}},"8":{"name":"(anonymous_17)","decl":{"start":{"line":53,"column":18},"end":{"line":53,"column":19}},"loc":{"start":{"line":53,"column":31},"end":{"line":55,"column":null}}},"9":{"name":"(anonymous_18)","decl":{"start":{"line":57,"column":4},"end":{"line":57,"column":null}},"loc":{"start":{"line":57,"column":4},"end":{"line":98,"column":null}}},"10":{"name":"(anonymous_19)","decl":{"start":{"line":69,"column":12},"end":{"line":69,"column":13}},"loc":{"start":{"line":69,"column":32},"end":{"line":80,"column":null}}},"11":{"name":"action","decl":{"start":{"line":71,"column":30},"end":{"line":71,"column":31}},"loc":{"start":{"line":71,"column":36},"end":{"line":71,"column":null}}}},"branchMap":{"0":{"loc":{"start":{"line":20,"column":8},"end":{"line":20,"column":14}},"type":"binary-expr","locations":[{"start":{"line":20,"column":8},"end":{"line":20,"column":14}},{"start":{"line":20,"column":20},"end":{"line":20,"column":null}}]},"1":{"loc":{"start":{"line":50,"column":8},"end":{"line":50,"column":38}},"type":"if","locations":[{"start":{"line":50,"column":8},"end":{"line":50,"column":38}},{"start":{"line":50,"column":8},"end":{"line":50,"column":38}}]},"2":{"loc":{"start":{"line":61,"column":8},"end":{"line":63,"column":null}},"type":"if","locations":[{"start":{"line":61,"column":8},"end":{"line":63,"column":null}},{"start":{"line":61,"column":8},"end":{"line":63,"column":null}}]},"3":{"loc":{"start":{"line":64,"column":8},"end":{"line":66,"column":null}},"type":"if","locations":[{"start":{"line":64,"column":8},"end":{"line":66,"column":null}},{"start":{"line":64,"column":8},"end":{"line":66,"column":null}}]}},"s":{"0":0,"1":0,"2":0,"3":0,"4":0,"5":0,"6":0,"7":0,"8":0,"9":0,"10":0,"11":0,"12":0,"13":0,"14":0,"15":0,"16":0,"17":0,"18":0,"19":0,"20":0,"21":0,"22":0,"23":0,"24":0,"25":0,"26":0,"27":0,"28":0,"29":0,"30":0,"31":0,"32":0,"33":0,"34":0,"35":0,"36":0},"f":{"0":0,"1":0,"2":0,"3":0,"4":0,"5":0,"6":0,"7":0,"8":0,"9":0,"10":0,"11":0},"b":{"0":[0,0],"1":[0,0],"2":[0,0],"3":[0,0]}}
,"C:\\Users\\Ruslan_Dzhafarov\\Projects\\React\\ReactEPAM\\src\\App\\components\\SearchResult\\ShowMovieInfo.tsx": {"path":"C:\\Users\\Ruslan_Dzhafarov\\Projects\\React\\ReactEPAM\\src\\App\\components\\SearchResult\\ShowMovieInfo.tsx","statementMap":{"0":{"start":{"line":1,"column":0},"end":{"line":1,"column":null}},"1":{"start":{"line":3,"column":0},"end":{"line":3,"column":null}},"2":{"start":{"line":4,"column":0},"end":{"line":4,"column":null}},"3":{"start":{"line":6,"column":22},"end":{"line":32,"column":null}},"4":{"start":{"line":7,"column":4},"end":{"line":7,"column":null}},"5":{"start":{"line":12,"column":66},"end":{"line":12,"column":71}},"6":{"start":{"line":34,"column":15},"end":{"line":34,"column":null}}},"fnMap":{"0":{"name":"ShowMovieInfo","decl":{"start":{"line":6,"column":6},"end":{"line":6,"column":19}},"loc":{"start":{"line":6,"column":35},"end":{"line":32,"column":null}}},"1":{"name":"onClick","decl":{"start":{"line":12,"column":60},"end":{"line":12,"column":66}},"loc":{"start":{"line":12,"column":60},"end":{"line":12,"column":null}}}},"branchMap":{},"s":{"0":0,"1":0,"2":0,"3":0,"4":0,"5":0,"6":0},"f":{"0":0,"1":0},"b":{}}
,"C:\\Users\\Ruslan_Dzhafarov\\Projects\\React\\ReactEPAM\\src\\App\\components\\common\\Button.tsx": {"path":"C:\\Users\\Ruslan_Dzhafarov\\Projects\\React\\ReactEPAM\\src\\App\\components\\common\\Button.tsx","statementMap":{"0":{"start":{"line":1,"column":0},"end":{"line":1,"column":null}},"1":{"start":{"line":2,"column":0},"end":{"line":2,"column":null}},"2":{"start":{"line":11,"column":15},"end":{"line":20,"column":null}},"3":{"start":{"line":12,"column":4},"end":{"line":12,"column":null}},"4":{"start":{"line":22,"column":15},"end":{"line":22,"column":null}}},"fnMap":{"0":{"name":"Button","decl":{"start":{"line":11,"column":6},"end":{"line":11,"column":12}},"loc":{"start":{"line":11,"column":37},"end":{"line":20,"column":null}}}},"branchMap":{},"s":{"0":1,"1":1,"2":1,"3":2,"4":1},"f":{"0":2},"b":{}}
,"C:\\Users\\Ruslan_Dzhafarov\\Projects\\React\\ReactEPAM\\src\\App\\components\\common\\Input.tsx": {"path":"C:\\Users\\Ruslan_Dzhafarov\\Projects\\React\\ReactEPAM\\src\\App\\components\\common\\Input.tsx","statementMap":{"0":{"start":{"line":1,"column":0},"end":{"line":1,"column":null}},"1":{"start":{"line":2,"column":0},"end":{"line":2,"column":null}},"2":{"start":{"line":11,"column":14},"end":{"line":20,"column":null}},"3":{"start":{"line":12,"column":4},"end":{"line":12,"column":null}},"4":{"start":{"line":22,"column":15},"end":{"line":22,"column":null}}},"fnMap":{"0":{"name":"Input","decl":{"start":{"line":11,"column":6},"end":{"line":11,"column":11}},"loc":{"start":{"line":11,"column":27},"end":{"line":20,"column":null}}}},"branchMap":{},"s":{"0":0,"1":0,"2":0,"3":0,"4":0},"f":{"0":0},"b":{}}
}
