TN:
SF:src\index.tsx
FNF:0
FNH:0
DA:1,0
DA:2,0
DA:3,0
DA:5,0
LF:4
LH:0
BRF:0
BRH:0
end_of_record
TN:
SF:src\mock-data.ts
FNF:0
FNH:0
DA:2,0
LF:1
LH:0
BRF:0
BRH:0
end_of_record
TN:
SF:src\App\App.tsx
FN:13,(anonymous_13)
FN:14,App
FN:27,(anonymous_15)
FN:33,(anonymous_16)
FN:38,(anonymous_17)
FN:39,(anonymous_18)
FN:61,action
FN:64,action
FN:73,action
FNF:9
FNH:0
FNDA:0,(anonymous_13)
FNDA:0,App
FNDA:0,(anonymous_15)
FNDA:0,(anonymous_16)
FNDA:0,(anonymous_17)
FNDA:0,(anonymous_18)
FNDA:0,action
FNDA:0,action
FNDA:0,action
DA:1,0
DA:2,0
DA:3,0
DA:4,0
DA:5,0
DA:8,0
DA:13,0
DA:15,0
DA:16,0
DA:27,0
DA:28,0
DA:33,0
DA:34,0
DA:38,0
DA:39,0
DA:40,0
DA:52,0
DA:53,0
DA:61,0
DA:64,0
DA:71,0
DA:73,0
DA:79,0
DA:85,0
DA:87,0
LF:25
LH:0
BRDA:15,0,0,0
BRDA:15,0,1,0
BRDA:52,1,0,0
BRDA:52,1,1,0
BRF:4
BRH:0
end_of_record
TN:
SF:src\App\components\Search\Search.tsx
FN:14,(anonymous_7)
FN:15,Search
FN:24,(anonymous_9)
FN:28,(anonymous_10)
FN:33,(anonymous_11)
FN:39,(anonymous_12)
FN:44,(anonymous_13)
FN:61,handleSwitch
FNF:8
FNH:0
FNDA:0,(anonymous_7)
FNDA:0,Search
FNDA:0,(anonymous_9)
FNDA:0,(anonymous_10)
FNDA:0,(anonymous_11)
FNDA:0,(anonymous_12)
FNDA:0,(anonymous_13)
FNDA:0,handleSwitch
DA:1,0
DA:2,0
DA:3,0
DA:4,0
DA:5,0
DA:14,0
DA:16,0
DA:17,0
DA:24,0
DA:25,0
DA:28,0
DA:29,0
DA:30,0
DA:33,0
DA:34,0
DA:35,0
DA:39,0
DA:40,0
DA:41,0
DA:44,0
DA:45,0
DA:46,0
DA:61,0
DA:70,0
DA:72,0
LF:25
LH:0
BRDA:16,0,0,0
BRDA:16,0,1,0
BRDA:34,1,0,0
BRDA:34,1,1,0
BRF:4
BRH:0
end_of_record
TN:
SF:src\App\components\Search\components\Filter.tsx
FN:10,Filter
FN:12,(anonymous_2)
FNF:2
FNH:0
FNDA:0,Filter
FNDA:0,(anonymous_2)
DA:1,0
DA:2,0
DA:3,0
DA:10,0
DA:11,0
DA:13,0
DA:19,0
DA:26,0
DA:34,0
LF:9
LH:0
BRDA:13,0,0,0
BRDA:13,0,1,0
BRF:2
BRH:0
end_of_record
TN:
SF:src\App\components\SearchResult\Card.tsx
FN:4,Card
FN:5,getGenresFromArray
FN:6,(anonymous_3)
FN:12,onClick
FNF:4
FNH:0
FNDA:0,Card
FNDA:0,getGenresFromArray
FNDA:0,(anonymous_3)
FNDA:0,onClick
DA:1,0
DA:3,0
DA:4,0
DA:5,0
DA:6,0
DA:7,0
DA:8,0
DA:11,0
DA:12,0
DA:23,0
LF:10
LH:0
BRF:0
BRH:0
end_of_record
TN:
SF:src\App\components\SearchResult\ResultSorting.tsx
FN:11,ResultSorting
FN:12,(anonymous_2)
FNF:2
FNH:0
FNDA:0,ResultSorting
FNDA:0,(anonymous_2)
DA:1,0
DA:2,0
DA:3,0
DA:11,0
DA:12,0
DA:13,0
DA:19,0
DA:32,0
LF:8
LH:0
BRF:0
BRH:0
end_of_record
TN:
SF:src\App\components\SearchResult\SearchResult.tsx
FN:18,(anonymous_9)
FN:19,SearchResult
FN:30,(anonymous_11)
FN:31,(anonymous_12)
FN:35,(anonymous_13)
FN:36,(anonymous_14)
FN:39,(anonymous_15)
FN:41,(anonymous_16)
FN:53,(anonymous_17)
FN:57,(anonymous_18)
FN:69,(anonymous_19)
FN:71,action
FNF:12
FNH:0
FNDA:0,(anonymous_9)
FNDA:0,SearchResult
FNDA:0,(anonymous_11)
FNDA:0,(anonymous_12)
FNDA:0,(anonymous_13)
FNDA:0,(anonymous_14)
FNDA:0,(anonymous_15)
FNDA:0,(anonymous_16)
FNDA:0,(anonymous_17)
FNDA:0,(anonymous_18)
FNDA:0,(anonymous_19)
FNDA:0,action
DA:1,0
DA:2,0
DA:3,0
DA:5,0
DA:18,0
DA:20,0
DA:21,0
DA:30,0
DA:31,0
DA:35,0
DA:36,0
DA:39,0
DA:40,0
DA:41,0
DA:42,0
DA:50,0
DA:53,0
DA:54,0
DA:57,0
DA:58,0
DA:60,0
DA:61,0
DA:62,0
DA:64,0
DA:65,0
DA:68,0
DA:70,0
DA:71,0
DA:82,0
DA:83,0
DA:99,0
DA:101,0
LF:32
LH:0
BRDA:20,0,0,0
BRDA:20,0,1,0
BRDA:50,1,0,0
BRDA:50,1,1,0
BRDA:61,2,0,0
BRDA:61,2,1,0
BRDA:64,3,0,0
BRDA:64,3,1,0
BRF:8
BRH:0
end_of_record
TN:
SF:src\App\components\SearchResult\ShowMovieInfo.tsx
FN:6,ShowMovieInfo
FN:12,onClick
FNF:2
FNH:0
FNDA:0,ShowMovieInfo
FNDA:0,onClick
DA:1,0
DA:3,0
DA:4,0
DA:6,0
DA:7,0
DA:12,0
DA:34,0
LF:7
LH:0
BRF:0
BRH:0
end_of_record
TN:
SF:src\App\components\common\Button.tsx
FN:11,Button
FNF:1
FNH:1
FNDA:2,Button
DA:1,1
DA:2,1
DA:11,1
DA:12,2
DA:22,1
LF:5
LH:5
BRF:0
BRH:0
end_of_record
TN:
SF:src\App\components\common\Input.tsx
FN:11,Input
FNF:1
FNH:0
FNDA:0,Input
DA:1,0
DA:2,0
DA:11,0
DA:12,0
DA:22,0
LF:5
LH:0
BRF:0
BRH:0
end_of_record
